<?xml version="1.0" encoding="UTF-8"?>
<testsuite name="TwoFerTest" tests="4" skipped="0" failures="0" errors="0" timestamp="2022-05-07T20:45:19" hostname="DESKTOP-ITU30G5" time="0.02">
  <properties/>
  <testcase name="noNameGiven" classname="TwoFerTest" time="0.019"/>
  <testcase name="emptyStringGiven" classname="TwoFerTest" time="0.0"/>
  <testcase name="aNameGiven" classname="TwoFerTest" time="0.0"/>
  <testcase name="anotherNameGiven" classname="TwoFerTest" time="0.001"/>
  <system-out><![CDATA[One for you, one for me.One for , one for me.One for Alice, one for me.One for Bob, one for me.]]></system-out>
  <system-err><![CDATA[]]></system-err>
</testsuite>
